{"C:\\Users\\utkarshmahajan\\Documents\\A11y POC\\a11y-poc\\src\\App.tsx": {"path":"C:\\Users\\utkarshmahajan\\Documents\\A11y POC\\a11y-poc\\src\\App.tsx","statementMap":{"0":{"start":{"line":1,"column":0},"end":{"line":1,"column":32}},"1":{"start":{"line":2,"column":0},"end":{"line":2,"column":18}},"2":{"start":{"line":5,"column":28},"end":{"line":5,"column":39}},"3":{"start":{"line":7,"column":2},"end":{"line":28,"column":null}},"4":{"start":{"line":17,"column":31},"end":{"line":17,"column":61}},"5":{"start":{"line":17,"column":51},"end":{"line":17,"column":60}},"6":{"start":{"line":31,"column":0},"end":{"line":31,"column":null}}},"fnMap":{"0":{"name":"App","decl":{"start":{"line":4,"column":9},"end":{"line":4,"column":12}},"loc":{"start":{"line":4,"column":12},"end":{"line":29,"column":1}}},"1":{"name":"(anonymous_1)","decl":{"start":{"line":17,"column":25},"end":{"line":17,"column":28}},"loc":{"start":{"line":17,"column":31},"end":{"line":17,"column":61}}},"2":{"name":"(anonymous_2)","decl":{"start":{"line":17,"column":40},"end":{"line":17,"column":41}},"loc":{"start":{"line":17,"column":51},"end":{"line":17,"column":60}}}},"branchMap":{},"s":{"0":1,"1":1,"2":1,"3":1,"4":0,"5":0,"6":1},"f":{"0":1,"1":0,"2":0},"b":{}}
}
